◇ injected env (3) from .env // tip: ⌘ override existing { override: true }
[PIPELINE] Starting full scan...

[PIPELINE] Initializing Asset Discovery...
[INFO] Target is an IP (8.8.8.8), attempting reverse DNS...
[INFO] Reverse DNS resolved 8.8.8.8 to dns.google
[INFO] Proceeding with resolved domain: dns.google
[INFO] Scan ID: 8.8.8.8
[INFO] Target: dns.google
[INFO] Output: results/8.8.8.8
[INFO] Starting subdomain discovery...
[CMD] Running specialized module: which engine
[INFO] Module validated
[CMD] Running specialized module: engine -d dns.google -silent
[INFO] Discovery module found: 2
[INFO] Expanding discovery reach...
[CMD] Running specialized module: which engine
[INFO] Module validated
[CMD] Running specialized module: engine --subs-only dns.google
[INFO] Secondary module found: 2
[INFO] Consolidated unique assets: 3
[INFO] Verifying live endpoints...
[CMD] Running specialized module: engine -l results/8.8.8.8/subs_to_check.txt -ip -silent
[INFO] Assets → subs=1, ips=1, urls=1
[CMD] Running specialized module: which engine
[INFO] Module validated
[CMD] Running specialized module: engine dns.google A +short
[CMD] Running specialized module: engine dns.google AAAA +short
[CMD] Running specialized module: engine dns.google MX +short
[WARN] Module failed for MX
[CMD] Running specialized module: engine dns.google TXT +short
[CMD] Running specialized module: engine dns.google CNAME +short
[WARN] Module failed for CNAME
[CMD] Running specialized module: engine dns.google NS +short
[CMD] Running specialized module: which engine
[INFO] Module validated
[CMD] Running specialized module: engine dns.google
getaddrinfo(whois.nic.google): Name or service not known
[ERROR] WHOIS command failed for dns.google: Command failed: whois dns.google
getaddrinfo(whois.nic.google): Name or service not known

[CMD] Running specialized module: which engine
[INFO] Module validated
[CMD] Running specialized module: echo | engine s_client -connect dns.google:443 -servername dns.google 2>/dev/null | engine x509 -noout -issuer -subject -dates
[INFO] Recon completed successfully
[PIPELINE] Asset Discovery completed

[PIPELINE] Initiating Security Analysis...
[VULN] Analyzing service exposures on dns.google...
[CMD] Running specialized module: engine -sT -T4 --min-rate 500 -sV -sC --script vuln -p 21-23,25,53,80,81,88,110,111,135,139,143,443,445,548,587,631,636,873,990,993,995,1025-1029,1110,1433,1723,2000,2049,2121,3000,3128,3306,3389,3986,4848,5000,5060,5432,5666,5800,5900,6000,6001,6646,7070,8000,8008,8009,8080,8081,8443,8888,9000,9100,9999 dns.google -oN results/8.8.8.8/engine.txt
[VULN] Security engine processing 1 targets...
[CMD] Running specialized module: engine -l results/8.8.8.8/urls.txt -t /home/kali/engine-templates/http/cves -t /home/kali/engine-templates/http/vulnerabilities -t /home/kali/engine-templates/http/exposures -t /home/kali/engine-templates/http/misconfiguration -t /home/kali/engine-templates/http/technologies -t /home/kali/engine-templates/http/exposed-panels -c 100 -bs 25 -rl 300 -mhe 50 -ss host-spray -duc -timeout 5 -retries 0 -jle results/8.8.8.8/engine.jsonl 2>&1
[VULN] Analyzing web headers and configurations...
[CMD] Running specialized module: engine -h https://dns.google -Tuning 123 -nointeractive
[VULN] Service analysis completed for dns.google
[VULN] Web analysis finished for https://dns.google
