◇ injected env (2) from .env // tip: ⌁ auth for agents [www.vestauth.com]
[PIPELINE] Starting full scan...

[PIPELINE] Recon started
[INFO] Scan ID: www_shreedevitextile_com
[INFO] Target: www.shreedevitextile.com
[INFO] Output: results/www_shreedevitextile_com
[INFO] Running subfinder...
[CMD] which subfinder
[INFO] subfinder found
[CMD] subfinder -d www.shreedevitextile.com -silent
[WARN] Subfinder failed or returned no data
[WARN] Fallback to root domain
[INFO] Running httpx-toolkit for liveness check...
[CMD] httpx-toolkit -l results/www_shreedevitextile_com/subs_to_check.txt -ip -silent
[INFO] Assets → subs=1, ips=1, urls=1
[CMD] which dig
[INFO] dig found
[CMD] dig www.shreedevitextile.com A +short
[CMD] dig www.shreedevitextile.com AAAA +short
[WARN] dig failed for AAAA
[CMD] dig www.shreedevitextile.com MX +short
[WARN] dig failed for MX
[CMD] dig www.shreedevitextile.com TXT +short
[WARN] dig failed for TXT
[CMD] dig www.shreedevitextile.com CNAME +short
[WARN] dig failed for CNAME
[CMD] dig www.shreedevitextile.com NS +short
[WARN] dig failed for NS
[CMD] which whois
[INFO] whois found
[CMD] whois www.shreedevitextile.com
[CMD] which openssl
[INFO] openssl found
[CMD] echo | openssl s_client -connect www.shreedevitextile.com:443 -servername www.shreedevitextile.com 2>/dev/null | openssl x509 -noout -issuer -subject -dates
[INFO] Recon completed successfully
[PIPELINE] Recon completed

[PIPELINE] Vulnerability scan started
[VULN] Nmap started on www.shreedevitextile.com (Aggressive mode)...
[CMD] nmap -sT -T4 --min-rate 500 -sV -sC --script vuln -p 21,22,25,53,80,110,143,443,445,3306,3389,8080,8443 www.shreedevitextile.com -oN results/www_shreedevitextile_com/nmap.txt
[VULN] Nmap finished for www.shreedevitextile.com
[VULN] Nuclei started on 1 targets (Concurrency: 50)...
[CMD] nuclei -l results/www_shreedevitextile_com/urls.txt -t /home/kali/nuclei-templates/http/cves -t /home/kali/nuclei-templates/http/vulnerabilities -t /home/kali/nuclei-templates/http/exposures -t /home/kali/nuclei-templates/http/misconfiguration -t /home/kali/nuclei-templates/http/technologies -t /home/kali/nuclei-templates/http/exposed-panels -c 50 -rl 150 -mhe 30 -ss host-spray -duc -timeout 5 -retries 0 -jle results/www_shreedevitextile_com/nuclei.jsonl 2>&1
[VULN] Nuclei output preview:                       __     _    ____  __  _______/ /__  (_)   / __ \/ / / / ___/ / _ \/ /  / / / / /_/ / /__/ /  __/ / /_/ /_/\__,_/\___/_/\___/_/   v3.7.1  		projectdiscovery.io  [[93mWRN[0m] The concurrency value is higher than max-host-error [[34mINF[0m] Adjusting max-host-error to the concurrency value: 50 [[34mINF[0m] Current nuclei version: v3.7.1 ([93munknown[0m) - remove '-duc' flag to enable update checks [[34mINF[0m] Current nuclei-templates version: v10.4.3 ([93munknown[
[VULN] Nuclei finished
[VULN] Nikto batch started for https://www.shreedevitextile.com...
[CMD] nikto -h https://www.shreedevitextile.com -Tuning 123 -nointeractive
[TIMEOUT] Killing process after 900000ms: nikto -h https://www.shreedevitextile.com -Tuning 123 -nointeractive
[VULN] Nikto finished for https://www.shreedevitextile.com
[CMD] searchsploit --cve CVE-2026-35414
[CMD] searchsploit --cve CVE-2026-35386
[CMD] searchsploit --cve CVE-2026-35385
[CMD] searchsploit --cve CVE-2024-6387
[CMD] searchsploit --cve CVE-2024-39894
[CMD] searchsploit --cve CVE-2025-26465
[CMD] searchsploit --cve CVE-2026-35387
[CMD] searchsploit --cve CVE-2025-26466
[CMD] searchsploit --cve CVE-2025-32728
[CMD] searchsploit --cve CVE-2025-61985
[CMD] searchsploit --cve CVE-2025-61984
[CMD] searchsploit --cve CVE-2026-35388
✅ Scan Completed
[PIPELINE] Vulnerability scan completed

[PIPELINE] Threat intelligence started
[THREAT] Starting threat intel for domain=www.shreedevitextile.com, ips=1, urls=1
[THREAT] Querying VT + OTX for www.shreedevitextile.com...
[THREAT] VT malicious=0, OTX pulses=0
[THREAT] URLscan public search for www.shreedevitextile.com...
[THREAT] URLscan: 1 scans, 0 supply chain entries
[THREAT] IP enrichment for 157.245.108.208...
[THREAT] Shodan 157.245.108.208: ports=22,80,443, vulns=0
[THREAT] URL enrichment for https://www.shreedevitextile.com...
[THREAT] Complete. Risk=LOW (0), MITRE=0, Supply=0
[PIPELINE] Threat intelligence completed

[PIPELINE] ✅ Final report generated: results/www_shreedevitextile_com/unified_report.json
